aio-pika==9.3.0
aiormq==6.7.7
asyncache==0.3.1
cachetools==5.3.1
certifi==2023.7.22
cffi==1.16.0
charset-normalizer==3.3.0
cryptography==41.0.4
dnspython==2.4.2
google-api-core==2.12.0
google-api-python-client==2.101.0
google-auth==2.23.2
google-auth-httplib2==0.1.1
google-auth-oauthlib==1.1.0
googleapis-common-protos==1.60.0
httplib2==0.22.0
idna==3.4
ldap3==2.9.1
motor==3.3.1
multidict==6.0.4
oauthlib==3.2.2
pamqp==3.2.1
protobuf==4.24.3
pyasn1==0.5.0
pyasn1-modules==0.3.0
pycparser==2.21
PyJWT==2.8.0
pymongo==4.5.0
pyparsing==3.1.1
pypng==0.20220715.0
qrcode==7.4.2
requests==2.31.0
requests-futures==1.0.1
requests-oauthlib==1.3.1
rsa==4.9
tornado==6.3.3
typing_extensions==4.8.0
Unidecode==1.3.7
uritemplate==4.1.1
urllib3==2.0.6
wipac-dev-tools==1.6.16
# Editable Git install with no remote (wipac-keycloak-rest-services==1.4.40)
-e /home/keycloak
wipac-rest-tools==1.5.3
yarl==1.9.2
