#
# This file was autogenerated by WIPACrepo/wipac-dev-py-dependencies-action
#   within a container using the user-supplied image 'krs'
#   using Python 3.10.
#
########################################################################
#  pip freeze
########################################################################
aio-pika==9.5.5
aiormq==6.8.1
asyncache==0.3.1
attrs==25.3.0
cachetools==5.5.2
certifi==2025.4.26
cffi==1.17.1
charset-normalizer==3.4.2
cryptography==44.0.3
dnspython==2.7.0
exceptiongroup==1.2.2
google-api-core==2.24.2
google-api-python-client==2.169.0
google-auth==2.40.1
google-auth-httplib2==0.2.0
google-auth-oauthlib==1.2.2
googleapis-common-protos==1.70.0
httplib2==0.22.0
idna==3.10
jsonpath-ng==1.7.0
ldap3==2.9.1
motor==3.7.0
multidict==6.4.3
oauthlib==3.2.2
pamqp==3.3.0
ply==3.11
propcache==0.3.1
proto-plus==1.26.1
protobuf==6.30.2
pyasn1==0.6.1
pyasn1_modules==0.4.2
pycparser==2.22
PyJWT==2.10.1
pymongo==4.12.1
pyparsing==3.2.3
python-dateutil==2.9.0.post0
qrcode==8.2
requests==2.32.3
requests-futures==1.0.2
requests-oauthlib==2.0.0
rsa==4.9.1
six==1.17.0
tornado==6.4.2
typing_extensions==4.13.2
Unidecode==1.4.0
uritemplate==4.1.1
urllib3==2.4.0
wipac-dev-tools==1.16.10
-e /home/keycloak
wipac-rest-tools==1.8.7
yarl==1.20.0
########################################################################
#  pipdeptree
########################################################################
asyncache==0.3.1
└── cachetools [required: >=5.2.0,<6.0.0, installed: 5.5.2]
cryptography==44.0.3
└── cffi [required: >=1.12, installed: 1.17.1]
    └── pycparser [required: Any, installed: 2.22]
google-api-python-client==2.169.0
├── httplib2 [required: >=0.19.0,<1.0.0, installed: 0.22.0]
│   └── pyparsing [required: >=2.4.2,<4,!=3.0.3,!=3.0.2,!=3.0.1,!=3.0.0, installed: 3.2.3]
├── google-auth [required: >=1.32.0,<3.0.0,!=2.25.0,!=2.24.0, installed: 2.40.1]
│   ├── cachetools [required: >=2.0.0,<6.0, installed: 5.5.2]
│   ├── pyasn1_modules [required: >=0.2.1, installed: 0.4.2]
│   │   └── pyasn1 [required: >=0.6.1,<0.7.0, installed: 0.6.1]
│   └── rsa [required: >=3.1.4,<5, installed: 4.9.1]
│       └── pyasn1 [required: >=0.1.3, installed: 0.6.1]
├── google-auth-httplib2 [required: >=0.2.0,<1.0.0, installed: 0.2.0]
│   ├── google-auth [required: Any, installed: 2.40.1]
│   │   ├── cachetools [required: >=2.0.0,<6.0, installed: 5.5.2]
│   │   ├── pyasn1_modules [required: >=0.2.1, installed: 0.4.2]
│   │   │   └── pyasn1 [required: >=0.6.1,<0.7.0, installed: 0.6.1]
│   │   └── rsa [required: >=3.1.4,<5, installed: 4.9.1]

│   │       └── pyasn1 [required: >=0.1.3, installed: 0.6.1]
│   └── httplib2 [required: >=0.19.0, installed: 0.22.0]
│       └── pyparsing [required: >=2.4.2,<4,!=3.0.3,!=3.0.2,!=3.0.1,!=3.0.0, installed: 3.2.3]
├── google-api-core [required: >=1.31.5,<3.0.0,!=2.3.0,!=2.2.*,!=2.1.*,!=2.0.*, installed: 2.24.2]
│   ├── googleapis-common-protos [required: >=1.56.2,<2.0.0, installed: 1.70.0]
│   │   └── protobuf [required: >=3.20.2,<7.0.0,!=4.21.5,!=4.21.4,!=4.21.3,!=4.21.2,!=4.21.1, installed: 6.30.2]
│   ├── protobuf [required: >=3.19.5,<7.0.0,!=4.21.5,!=4.21.4,!=4.21.3,!=4.21.2,!=4.21.1,!=4.21.0,!=3.20.1,!=3.20.0, installed: 6.30.2]
│   ├── proto-plus [required: >=1.22.3,<2.0.0, installed: 1.26.1]
│   │   └── protobuf [required: >=3.19.0,<7.0.0, installed: 6.30.2]
│   ├── google-auth [required: >=2.14.1,<3.0.0, installed: 2.40.1]
│   │   ├── cachetools [required: >=2.0.0,<6.0, installed: 5.5.2]
│   │   ├── pyasn1_modules [required: >=0.2.1, installed: 0.4.2]
│   │   │   └── pyasn1 [required: >=0.6.1,<0.7.0, installed: 0.6.1]
│   │   └── rsa [required: >=3.1.4,<5, installed: 4.9.1]
│   │       └── pyasn1 [required: >=0.1.3, installed: 0.6.1]
│   └── requests [required: >=2.18.0,<3.0.0, installed: 2.32.3]
│       ├── charset-normalizer [required: >=2,<4, installed: 3.4.2]
│       ├── idna [required: >=2.5,<4, installed: 3.10]
│       ├── urllib3 [required: >=1.21.1,<3, installed: 2.4.0]
│       └── certifi [required: >=2017.4.17, installed: 2025.4.26]
└── uritemplate [required: >=3.0.1,<5, installed: 4.1.1]
google-auth-oauthlib==1.2.2
├── google-auth [required: >=2.15.0, installed: 2.40.1]
│   ├── cachetools [required: >=2.0.0,<6.0, installed: 5.5.2]
│   ├── pyasn1_modules [required: >=0.2.1, installed: 0.4.2]
│   │   └── pyasn1 [required: >=0.6.1,<0.7.0, installed: 0.6.1]
│   └── rsa [required: >=3.1.4,<5, installed: 4.9.1]
│       └── pyasn1 [required: >=0.1.3, installed: 0.6.1]
└── requests-oauthlib [required: >=0.7.0, installed: 2.0.0]
    ├── oauthlib [required: >=3.0.0, installed: 3.2.2]
    └── requests [required: >=2.0.0, installed: 2.32.3]
        ├── charset-normalizer [required: >=2,<4, installed: 3.4.2]
        ├── idna [required: >=2.5,<4, installed: 3.10]
        ├── urllib3 [required: >=1.21.1,<3, installed: 2.4.0]
        └── certifi [required: >=2017.4.17, installed: 2025.4.26]
jsonpath-ng==1.7.0
└── ply [required: Any, installed: 3.11]
pipdeptree==2.26.1
├── packaging [required: >=24.1, installed: 25.0]
└── pip [required: >=24.2, installed: 25.1.1]
setuptools==65.5.1
wheel==0.45.1
wipac-keycloak-rest-services
├── aio-pika [required: Any, installed: 9.5.5]
│   ├── aiormq [required: >=6.8,<6.9, installed: 6.8.1]
│   │   ├── pamqp [required: ==3.3.0, installed: 3.3.0]
│   │   └── yarl [required: Any, installed: 1.20.0]
│   │       ├── idna [required: >=2.0, installed: 3.10]
│   │       ├── multidict [required: >=4.0, installed: 6.4.3]
│   │       │   └── typing_extensions [required: >=4.1.0, installed: 4.13.2]
│   │       └── propcache [required: >=0.2.1, installed: 0.3.1]
│   ├── exceptiongroup [required: >=1,<2, installed: 1.2.2]
│   └── yarl [required: Any, installed: 1.20.0]
│       ├── idna [required: >=2.0, installed: 3.10]
│       ├── multidict [required: >=4.0, installed: 6.4.3]
│       │   └── typing_extensions [required: >=4.1.0, installed: 4.13.2]
│       └── propcache [required: >=0.2.1, installed: 0.3.1]
├── attrs [required: Any, installed: 25.3.0]
├── ldap3 [required: Any, installed: 2.9.1]
│   └── pyasn1 [required: >=0.4.6, installed: 0.6.1]
├── motor [required: Any, installed: 3.7.0]
│   └── pymongo [required: >=4.9,<5.0, installed: 4.12.1]
│       └── dnspython [required: >=1.16.0,<3.0.0, installed: 2.7.0]
├── requests [required: Any, installed: 2.32.3]
│   ├── charset-normalizer [required: >=2,<4, installed: 3.4.2]
│   ├── idna [required: >=2.5,<4, installed: 3.10]
│   ├── urllib3 [required: >=1.21.1,<3, installed: 2.4.0]
│   └── certifi [required: >=2017.4.17, installed: 2025.4.26]
├── Unidecode [required: Any, installed: 1.4.0]
├── wipac-dev-tools [required: Any, installed: 1.16.10]
│   ├── python-dateutil [required: Any, installed: 2.9.0.post0]
│   │   └── six [required: >=1.5, installed: 1.17.0]
│   ├── python-dateutil [required: Any, installed: 2.9.0.post0]
│   │   └── six [required: >=1.5, installed: 1.17.0]
│   ├── requests [required: Any, installed: 2.32.3]
│   │   ├── charset-normalizer [required: >=2,<4, installed: 3.4.2]
│   │   ├── idna [required: >=2.5,<4, installed: 3.10]
│   │   ├── urllib3 [required: >=1.21.1,<3, installed: 2.4.0]
│   │   └── certifi [required: >=2017.4.17, installed: 2025.4.26]
│   └── typing_extensions [required: Any, installed: 4.13.2]
└── wipac-rest-tools [required: Any, installed: 1.8.7]
    ├── cachetools [required: Any, installed: 5.5.2]
    ├── PyJWT [required: !=2.6.0, installed: 2.10.1]
    ├── qrcode [required: Any, installed: 8.2]
    ├── requests [required: Any, installed: 2.32.3]
    │   ├── charset-normalizer [required: >=2,<4, installed: 3.4.2]
    │   ├── idna [required: >=2.5,<4, installed: 3.10]
    │   ├── urllib3 [required: >=1.21.1,<3, installed: 2.4.0]
    │   └── certifi [required: >=2017.4.17, installed: 2025.4.26]
    ├── requests-futures [required: Any, installed: 1.0.2]
    │   └── requests [required: >=1.2.0, installed: 2.32.3]
    │       ├── charset-normalizer [required: >=2,<4, installed: 3.4.2]
    │       ├── idna [required: >=2.5,<4, installed: 3.10]
    │       ├── urllib3 [required: >=1.21.1,<3, installed: 2.4.0]
    │       └── certifi [required: >=2017.4.17, installed: 2025.4.26]
    ├── tornado [required: Any, installed: 6.4.2]
    ├── urllib3 [required: >=2.0.4, installed: 2.4.0]
    └── wipac-dev-tools [required: Any, installed: 1.16.10]
        ├── python-dateutil [required: Any, installed: 2.9.0.post0]
        │   └── six [required: >=1.5, installed: 1.17.0]
        ├── python-dateutil [required: Any, installed: 2.9.0.post0]
        │   └── six [required: >=1.5, installed: 1.17.0]
        ├── requests [required: Any, installed: 2.32.3]
        │   ├── charset-normalizer [required: >=2,<4, installed: 3.4.2]
        │   ├── idna [required: >=2.5,<4, installed: 3.10]
        │   ├── urllib3 [required: >=1.21.1,<3, installed: 2.4.0]
        │   └── certifi [required: >=2017.4.17, installed: 2025.4.26]
        └── typing_extensions [required: Any, installed: 4.13.2]
